00:25:52: Exporting bones..
00:25:52: Bones exported.
00:25:52: Exporting animations, count=12
00:25:52: Exporting animation: Dead
00:25:52: Animation exported.
00:25:52: Exporting animation: Explosion
00:25:52: Animation exported.
00:25:52: Exporting animation: Hurt1
00:25:52: Animation exported.
00:25:52: Exporting animation: Hurt2
00:25:52: Animation exported.
00:25:52: Exporting animation: Idle
00:25:52: Animation exported.
00:25:52: Exporting animation: Jump
00:25:52: Animation exported.
00:25:52: Exporting animation: Kick
00:25:52: Animation exported.
00:25:52: Exporting animation: Salto
00:25:52: Animation exported.
00:25:52: Exporting animation: WalkEast
00:25:52: Animation exported.
00:25:52: Exporting animation: WalkNorth
00:25:52: Animation exported.
00:25:52: Exporting animation: WalkSouth
00:25:52: Animation exported.
00:25:52: Exporting animation: WalkWest
00:25:52: Animation exported.
