15:40:36: Skeleton: Loading Chibi_Warriors.skeleton
15:40:36: OGRE EXCEPTION(6:FileNotFoundException): Cannot locate resource Chibi_Warriors.skeleton in resource group General or any other group. in ResourceGroupManager::openResource at E:\Ogre2.2SDK\OgreMain\src\OgreResourceGroupManager.cpp (line 737)
15:40:36: Unable to load skeleton Chibi_Warriors.skeleton for Mesh conversionSrcV1. This Mesh will not be animated. You can ignore this message if you are using an offline tool.
15:40:36: MeshSerializer writing mesh data to stream ...
15:40:36: File header written.
15:40:36: Writing mesh data...
15:40:36: Writing submesh...
15:40:36: Submesh exported.
15:40:36: Exporting skeleton link...
15:40:36: Skeleton link exported.
15:40:36: Exporting LOD level thresholds....
15:40:36: LOD level thresholds exported.
15:40:36: Exporting bounds information....
15:40:36: Bounds information exported.
15:40:36: Exporting submesh name table...
15:40:36: Submesh name table exported.
15:40:36: Exporting hash for caches...
15:40:36: Exporting hash for caches exported.
15:40:36: Mesh data exported.
15:40:36: MeshSerializer export successful.
