20:37:48: Creating resource group General
20:37:48: Creating resource group Internal
20:37:48: Creating resource group Autodetect
20:37:48: Registering ResourceManager for type Material
20:37:48: Registering ResourceManager for type Skeleton
20:37:48: Registering ResourceManager for type Mesh
20:37:48: MeshSerializer writing mesh data to Brick1_big1.mesh...
20:37:48: File header written.
20:37:48: Writing mesh data...
20:37:48: Writing submesh...
20:37:48: Exporting submesh texture aliases...
20:37:48: Submesh texture aliases exported.
20:37:48: Submesh exported.
20:37:48: Exporting bounds information....
20:37:48: Bounds information exported.
20:37:48: Exporting submesh name table...
20:37:48: Submesh name table exported.
20:37:48: Exporting edge lists...
20:37:48: Edge lists exported
20:37:48: Mesh data exported.
20:37:48: MeshSerializer export successful.
20:37:48: Unregistering ResourceManager for type Mesh
20:37:48: Unregistering ResourceManager for type Skeleton
20:37:48: Unregistering ResourceManager for type Material
