14:39:26: Creating resource group General
14:39:26: Creating resource group Internal
14:39:26: Creating resource group Autodetect
14:39:26: Registering ResourceManager for type Mesh
14:39:26: Registering ResourceManager for type Material
14:39:26: Registering ResourceManager for type Skeleton
14:39:27: XMLSkeletonSerializer: reading XML data from Mage.skeleton.xml...
14:39:27: XMLSkeletonSerializer: Reading Bones name...
14:39:27: XMLSkeletonSerializer: Reading Hierarchy data...
14:39:27: XMLSkeletonSerializer: Reading Bones data...
14:39:27: XMLSkeletonSerializer: Reading Animations data...
14:39:27: Animation: nom: T-pose et longueur: 0.3
14:39:27: Animation: nom: attack-01 et longueur: 0.5
14:39:27: Animation: nom: attack-02 et longueur: 0.666667
14:39:27: Animation: nom: attack-03 et longueur: 0.666667
14:39:27: Animation: nom: attack-04 et longueur: 0.666667
14:39:27: Animation: nom: attack-05 et longueur: 0.666667
14:39:27: Animation: nom: attack-06 et longueur: 0.833333
14:39:27: Animation: nom: attack-07 et longueur: 0.666667
14:39:27: Animation: nom: attack-08 et longueur: 0.833333
14:39:27: Animation: nom: bow_shoot et longueur: 1
14:39:27: Animation: nom: braking et longueur: 0.833333
14:39:27: Animation: nom: carry_sack et longueur: 1
14:39:27: Animation: nom: carry_wood et longueur: 1
14:39:27: Animation: nom: cast-01 et longueur: 1.66667
14:39:27: Animation: nom: cast-02 et longueur: 1.33333
14:39:27: Animation: nom: cast-03 et longueur: 1
14:39:27: Animation: nom: choping et longueur: 1
14:39:27: Animation: nom: cooking et longueur: 3.5
14:39:27: Animation: nom: crying et longueur: 2
14:39:27: Animation: nom: death-01 et longueur: 1.66667
14:39:27: Animation: nom: death-02 et longueur: 1.33333
14:39:27: Animation: nom: death-03 et longueur: 1.16667
14:39:27: Animation: nom: death-04 et longueur: 1.83333
14:39:27: Animation: nom: digging et longueur: 1.33333
14:39:27: Animation: nom: dodge-left et longueur: 0.666667
14:39:27: Animation: nom: dodge-right et longueur: 0.666667
14:39:27: Animation: nom: dragging et longueur: 1
14:39:27: Animation: nom: drinking et longueur: 1.33333
14:39:27: Animation: nom: drop-obj et longueur: 0.666667
14:39:27: Animation: nom: eating et longueur: 1.66667
14:39:27: Animation: nom: fixing et longueur: 1.83333
14:39:27: Animation: nom: frying et longueur: 3.5
14:39:27: Animation: nom: get-up et longueur: 1
14:39:27: Animation: nom: hit-01 et longueur: 0.333333
14:39:27: Animation: nom: hit-02 et longueur: 0.5
14:39:27: Animation: nom: hit-03 et longueur: 0.5
14:39:27: Animation: nom: hit-fall et longueur: 0.666667
14:39:27: Animation: nom: idle-01 et longueur: 3.33333
14:39:27: Animation: nom: idle-02 et longueur: 6.66667
14:39:27: Animation: nom: idle-03 et longueur: 3.33333
14:39:27: Animation: nom: idle-05 et longueur: 5.33333
14:39:28: Animation: nom: idle-06 et longueur: 6.66667
14:39:28: Animation: nom: joke et longueur: 2
14:39:28: Animation: nom: joy-01 et longueur: 1
14:39:28: Animation: nom: joy-02 et longueur: 1
14:39:28: Animation: nom: joy-03 et longueur: 1
14:39:28: Animation: nom: jump-01 et longueur: 0.666667
14:39:28: Animation: nom: jump-0p et longueur: 0.666667
14:39:28: Animation: nom: jump-pose et longueur: 0.1
14:39:28: Animation: nom: knock_ground et longueur: 1
14:39:28: Animation: nom: knock_shield et longueur: 1
14:39:28: Animation: nom: mining et longueur: 1.33333
14:39:28: Animation: nom: mowing et longueur: 1
14:39:28: Animation: nom: no et longueur: 1
14:39:28: Animation: nom: pick-obj et longueur: 0.666667
14:39:28: Animation: nom: roll-backward et longueur: 0.666667
14:39:28: Animation: nom: roll-forward et longueur: 0.666667
14:39:28: Animation: nom: roll-left et longueur: 0.666667
14:39:28: Animation: nom: roll-right et longueur: 0.833333
14:39:28: Animation: nom: rollout et longueur: 2.66667
14:39:28: Animation: nom: run-01 et longueur: 0.666667
14:39:28: Animation: nom: run-02 et longueur: 0.666667
14:39:28: Animation: nom: run-03 et longueur: 0.666667
14:39:28: Animation: nom: run-left-45 et longueur: 0.666667
14:39:28: Animation: nom: run-left-90 et longueur: 0.666667
14:39:28: Animation: nom: run-right-45 et longueur: 0.666667
14:39:28: Animation: nom: run-right-90 et longueur: 0.666667
14:39:28: Animation: nom: sitting et longueur: 3.33333
14:39:28: Animation: nom: sleep et longueur: 3.33333
14:39:28: Animation: nom: sowing et longueur: 1.5
14:39:28: Animation: nom: spell-01 et longueur: 1.33333
14:39:28: Animation: nom: spell-02 et longueur: 1.33333
14:39:28: Animation: nom: spell-03 et longueur: 1.33333
14:39:28: Animation: nom: talk-01 et longueur: 3.33333
14:39:28: Animation: nom: talk-02 et longueur: 3.33333
14:39:28: Animation: nom: throw et longueur: 1
14:39:28: Animation: nom: throw-obj et longueur: 0.666667
14:39:28: Animation: nom: throw_bomb et longueur: 1
14:39:28: Animation: nom: walk-01 et longueur: 1
14:39:28: Animation: nom: walk-02 et longueur: 1
14:39:28: Animation: nom: walk-03 et longueur: 1
14:39:28: Animation: nom: walk-back et longueur: 1
14:39:28: Animation: nom: walk-left-45 et longueur: 1
14:39:28: Animation: nom: walk-left-90 et longueur: 1
14:39:28: Animation: nom: walk-right-45 et longueur: 1
14:39:28: Animation: nom: walk-right-90 et longueur: 1
14:39:28: Animation: nom: warcry-01 et longueur: 1
14:39:28: Animation: nom: warcry-02 et longueur: 1
14:39:28: Animation: nom: woodcut_above et longueur: 0.833333
14:39:28: Animation: nom: woodcut_side et longueur: 0.833333
14:39:28: Animation: nom: yes et longueur: 1
14:39:28: XMLSkeletonSerializer: Finished. Running SkeletonSerializer...
14:39:28: Exporting bones..
14:39:28: Bones exported.
14:39:28: Exporting animations, count=91
14:39:28: Exporting animation: T-pose
14:39:28: Animation exported.
14:39:28: Exporting animation: attack-01
14:39:28: Animation exported.
14:39:28: Exporting animation: attack-02
14:39:28: Animation exported.
14:39:28: Exporting animation: attack-03
14:39:28: Animation exported.
14:39:28: Exporting animation: attack-04
14:39:28: Animation exported.
14:39:28: Exporting animation: attack-05
14:39:28: Animation exported.
14:39:28: Exporting animation: attack-06
14:39:28: Animation exported.
14:39:28: Exporting animation: attack-07
14:39:28: Animation exported.
14:39:28: Exporting animation: attack-08
14:39:28: Animation exported.
14:39:28: Exporting animation: bow_shoot
14:39:28: Animation exported.
14:39:28: Exporting animation: braking
14:39:28: Animation exported.
14:39:28: Exporting animation: carry_sack
14:39:28: Animation exported.
14:39:28: Exporting animation: carry_wood
14:39:28: Animation exported.
14:39:28: Exporting animation: cast-01
14:39:28: Animation exported.
14:39:28: Exporting animation: cast-02
14:39:28: Animation exported.
14:39:28: Exporting animation: cast-03
14:39:28: Animation exported.
14:39:28: Exporting animation: choping
14:39:28: Animation exported.
14:39:28: Exporting animation: cooking
14:39:28: Animation exported.
14:39:28: Exporting animation: crying
14:39:28: Animation exported.
14:39:28: Exporting animation: death-01
14:39:28: Animation exported.
14:39:28: Exporting animation: death-02
14:39:28: Animation exported.
14:39:28: Exporting animation: death-03
14:39:28: Animation exported.
14:39:28: Exporting animation: death-04
14:39:28: Animation exported.
14:39:28: Exporting animation: digging
14:39:28: Animation exported.
14:39:28: Exporting animation: dodge-left
14:39:28: Animation exported.
14:39:28: Exporting animation: dodge-right
14:39:28: Animation exported.
14:39:28: Exporting animation: dragging
14:39:28: Animation exported.
14:39:28: Exporting animation: drinking
14:39:28: Animation exported.
14:39:28: Exporting animation: drop-obj
14:39:28: Animation exported.
14:39:28: Exporting animation: eating
14:39:28: Animation exported.
14:39:28: Exporting animation: fixing
14:39:28: Animation exported.
14:39:28: Exporting animation: frying
14:39:28: Animation exported.
14:39:28: Exporting animation: get-up
14:39:28: Animation exported.
14:39:28: Exporting animation: hit-01
14:39:28: Animation exported.
14:39:28: Exporting animation: hit-02
14:39:28: Animation exported.
14:39:28: Exporting animation: hit-03
14:39:28: Animation exported.
14:39:28: Exporting animation: hit-fall
14:39:28: Animation exported.
14:39:28: Exporting animation: idle-01
14:39:28: Animation exported.
14:39:28: Exporting animation: idle-02
14:39:28: Animation exported.
14:39:28: Exporting animation: idle-03
14:39:28: Animation exported.
14:39:28: Exporting animation: idle-05
14:39:28: Animation exported.
14:39:28: Exporting animation: idle-06
14:39:28: Animation exported.
14:39:28: Exporting animation: joke
14:39:28: Animation exported.
14:39:28: Exporting animation: joy-01
14:39:28: Animation exported.
14:39:28: Exporting animation: joy-02
14:39:28: Animation exported.
14:39:28: Exporting animation: joy-03
14:39:28: Animation exported.
14:39:28: Exporting animation: jump-01
14:39:28: Animation exported.
14:39:28: Exporting animation: jump-0p
14:39:28: Animation exported.
14:39:28: Exporting animation: jump-pose
14:39:28: Animation exported.
14:39:28: Exporting animation: knock_ground
14:39:28: Animation exported.
14:39:28: Exporting animation: knock_shield
14:39:28: Animation exported.
14:39:28: Exporting animation: mining
14:39:28: Animation exported.
14:39:28: Exporting animation: mowing
14:39:28: Animation exported.
14:39:28: Exporting animation: no
14:39:28: Animation exported.
14:39:28: Exporting animation: pick-obj
14:39:28: Animation exported.
14:39:28: Exporting animation: roll-backward
14:39:28: Animation exported.
14:39:28: Exporting animation: roll-forward
14:39:28: Animation exported.
14:39:28: Exporting animation: roll-left
14:39:28: Animation exported.
14:39:28: Exporting animation: roll-right
14:39:28: Animation exported.
14:39:28: Exporting animation: rollout
14:39:28: Animation exported.
14:39:28: Exporting animation: run-01
14:39:28: Animation exported.
14:39:28: Exporting animation: run-02
14:39:28: Animation exported.
14:39:28: Exporting animation: run-03
14:39:28: Animation exported.
14:39:28: Exporting animation: run-left-45
14:39:28: Animation exported.
14:39:28: Exporting animation: run-left-90
14:39:28: Animation exported.
14:39:28: Exporting animation: run-right-45
14:39:28: Animation exported.
14:39:28: Exporting animation: run-right-90
14:39:28: Animation exported.
14:39:28: Exporting animation: sitting
14:39:28: Animation exported.
14:39:28: Exporting animation: sleep
14:39:28: Animation exported.
14:39:28: Exporting animation: sowing
14:39:28: Animation exported.
14:39:28: Exporting animation: spell-01
14:39:28: Animation exported.
14:39:28: Exporting animation: spell-02
14:39:28: Animation exported.
14:39:28: Exporting animation: spell-03
14:39:28: Animation exported.
14:39:28: Exporting animation: talk-01
14:39:28: Animation exported.
14:39:28: Exporting animation: talk-02
14:39:28: Animation exported.
14:39:28: Exporting animation: throw
14:39:28: Animation exported.
14:39:28: Exporting animation: throw-obj
14:39:28: Animation exported.
14:39:28: Exporting animation: throw_bomb
14:39:28: Animation exported.
14:39:28: Exporting animation: walk-01
14:39:28: Animation exported.
14:39:28: Exporting animation: walk-02
14:39:28: Animation exported.
14:39:28: Exporting animation: walk-03
14:39:28: Animation exported.
14:39:28: Exporting animation: walk-back
14:39:28: Animation exported.
14:39:28: Exporting animation: walk-left-45
14:39:28: Animation exported.
14:39:28: Exporting animation: walk-left-90
14:39:28: Animation exported.
14:39:28: Exporting animation: walk-right-45
14:39:28: Animation exported.
14:39:28: Exporting animation: walk-right-90
14:39:28: Animation exported.
14:39:28: Exporting animation: warcry-01
14:39:28: Animation exported.
14:39:28: Exporting animation: warcry-02
14:39:28: Animation exported.
14:39:28: Exporting animation: woodcut_above
14:39:28: Animation exported.
14:39:28: Exporting animation: woodcut_side
14:39:28: Animation exported.
14:39:28: Exporting animation: yes
14:39:28: Animation exported.
14:39:28: Unregistering ResourceManager for type Skeleton
14:39:28: Unregistering ResourceManager for type Material
14:39:28: Unregistering ResourceManager for type Mesh
