11:31:28: Creating resource group General
11:31:28: Creating resource group Internal
11:31:28: Creating resource group Autodetect
11:31:28: Registering ResourceManager for type Mesh
11:31:28: Registering ResourceManager for type Material
11:31:28: Registering ResourceManager for type Skeleton
11:31:28: XMLMeshSerializer reading mesh data from WoodBow.mesh.xml...
11:31:28: Reading geometry...
11:31:28: Geometry done...
11:31:28: Reading submeshes...
11:31:28: Reading bone assignments...
11:31:28: Bone assignments done.
11:31:28: Submeshes done.
11:31:28: Skeleton: Loading WoodBow.skeleton
11:31:28: OGRE EXCEPTION(6:FileNotFoundException): Cannot locate resource WoodBow.skeleton in resource group General or any other group. in ResourceGroupManager::openResource at ..\..\..\..\OgreMain\src\OgreResourceGroupManager.cpp (line 753)
11:31:28: Unable to load skeleton WoodBow.skeleton for Mesh conversion. This Mesh will not be animated. You can ignore this message if you are using an offline tool.
11:31:28: Reading bone assignments...
11:31:28: Bone assignments done.
11:31:28: Reading mesh names...
11:31:28: Mesh names done.
11:31:28: XMLMeshSerializer import successful.
11:31:28: Reorganising vertex buffers to automatic layout..
11:31:28: MeshSerializer writing mesh data to WoodBow.mesh...
11:31:28: File header written.
11:31:28: Writing mesh data...
11:31:28: Writing submesh...
11:31:28: Exporting submesh texture aliases...
11:31:28: Submesh texture aliases exported.
11:31:28: Submesh exported.
11:31:28: Exporting skeleton link...
11:31:28: Skeleton link exported.
11:31:28: Exporting shared geometry bone assignments...
11:31:28: Shared geometry bone assignments exported.
11:31:28: Exporting bounds information....
11:31:28: Bounds information exported.
11:31:28: Exporting submesh name table...
11:31:28: Submesh name table exported.
11:31:28: Mesh data exported.
11:31:28: MeshSerializer export successful.
11:31:28: Unregistering ResourceManager for type Skeleton
11:31:28: Unregistering ResourceManager for type Material
11:31:28: Unregistering ResourceManager for type Mesh
