11:50:04: Creating resource group General
11:50:04: Creating resource group Internal
11:50:04: Creating resource group Autodetect
11:50:04: Registering ResourceManager for type Mesh
11:50:04: Registering ResourceManager for type Material
11:50:04: Registering ResourceManager for type Skeleton
11:50:04: XMLMeshSerializer reading mesh data from Carrier.mesh.xml...
11:50:04: Reading geometry...
11:50:07: Geometry done...
11:50:07: Reading submeshes...
11:50:07: Submeshes done.
11:50:07: Reading mesh names...
11:50:07: Mesh names done.
11:50:07: XMLMeshSerializer import successful.
11:50:07: Reorganising vertex buffers to automatic layout...
11:50:10: MeshSerializer writing mesh data to stream ...
11:50:10: File header written.
11:50:10: Writing mesh data...
11:50:10: Writing submesh...
11:50:10: Exporting submesh texture aliases...
11:50:10: Submesh texture aliases exported.
11:50:10: Submesh exported.
11:50:10: Writing submesh...
11:50:10: Exporting submesh texture aliases...
11:50:10: Submesh texture aliases exported.
11:50:10: Submesh exported.
11:50:10: Writing submesh...
11:50:10: Exporting submesh texture aliases...
11:50:10: Submesh texture aliases exported.
11:50:10: Submesh exported.
11:50:10: Exporting bounds information....
11:50:10: Bounds information exported.
11:50:10: Exporting submesh name table...
11:50:10: Submesh name table exported.
11:50:10: Exporting edge lists...
11:50:10: Edge lists exported
11:50:10: Mesh data exported.
11:50:10: MeshSerializer export successful.
11:50:10: Unregistering ResourceManager for type Skeleton
11:50:10: Unregistering ResourceManager for type Material
11:50:10: Unregistering ResourceManager for type Mesh
